
The following files have been resolved:
   org.springframework.boot:spring-boot-starter-json:jar:2.2.1.RELEASE:compile
   org.springframework.boot:spring-boot:jar:2.2.1.RELEASE:compile
   com.fasterxml.jackson.module:jackson-module-parameter-names:jar:2.10.0:compile
   org.slf4j:slf4j-api:jar:1.7.29:compile
   org.springframework:spring-expression:jar:5.2.1.RELEASE:compile
   com.fasterxml.jackson.core:jackson-annotations:jar:2.10.0:compile
   jakarta.annotation:jakarta.annotation-api:jar:1.3.5:compile
   org.springframework.boot:spring-boot-starter-validation:jar:2.2.1.RELEASE:compile
   org.springframework:spring-aop:jar:5.2.1.RELEASE:compile
   com.fasterxml.jackson.core:jackson-core:jar:2.10.0:compile
   ch.qos.logback:logback-classic:jar:1.2.3:compile
   io.springfox:springfox-swagger-ui:jar:2.9.2:compile
   org.springframework.plugin:spring-plugin-metadata:jar:1.2.0.RELEASE:compile
   com.fasterxml.jackson.datatype:jackson-datatype-jsr310:jar:2.10.0:compile
   org.yaml:snakeyaml:jar:1.25:runtime
   com.google.guava:guava:jar:20.0:compile
   io.springfox:springfox-schema:jar:2.9.2:compile
   io.springfox:springfox-swagger-common:jar:2.9.2:compile
   org.springframework:spring-tx:jar:5.2.1.RELEASE:compile
   com.fasterxml.jackson.core:jackson-databind:jar:2.10.0:compile
   org.springframework.data:spring-data-mongodb:jar:2.2.1.RELEASE:compile
   org.springframework:spring-beans:jar:5.2.1.RELEASE:compile
   org.mapstruct:mapstruct:jar:1.2.0.Final:compile
   org.springframework:spring-web:jar:5.2.1.RELEASE:compile
   io.springfox:springfox-core:jar:2.9.2:compile
   org.mongodb:bson:jar:3.11.2:compile
   org.mongodb:mongodb-driver-core:jar:3.11.2:compile
   net.bytebuddy:byte-buddy:jar:1.10.2:compile
   io.springfox:springfox-spring-web:jar:2.9.2:compile
   org.apache.tomcat.embed:tomcat-embed-websocket:jar:9.0.27:compile
   org.mongodb:mongodb-driver:jar:3.11.2:compile
   org.jboss.logging:jboss-logging:jar:3.4.1.Final:compile
   jakarta.validation:jakarta.validation-api:jar:2.0.1:compile
   org.springframework:spring-core:jar:5.2.1.RELEASE:compile
   org.springframework:spring-context:jar:5.2.1.RELEASE:compile
   io.swagger:swagger-models:jar:1.5.20:compile
   org.springframework:spring-webmvc:jar:5.2.1.RELEASE:compile
   io.swagger:swagger-annotations:jar:1.5.20:compile
   org.slf4j:jul-to-slf4j:jar:1.7.29:compile
   io.springfox:springfox-swagger2:jar:2.9.2:compile
   org.springframework.boot:spring-boot-starter-tomcat:jar:2.2.1.RELEASE:compile
   org.apache.logging.log4j:log4j-api:jar:2.12.1:compile
   org.springframework.boot:spring-boot-autoconfigure:jar:2.2.1.RELEASE:compile
   org.springframework.boot:spring-boot-starter:jar:2.2.1.RELEASE:compile
   ch.qos.logback:logback-core:jar:1.2.3:compile
   org.hibernate.validator:hibernate-validator:jar:6.0.18.Final:compile
   io.springfox:springfox-bean-validators:jar:2.9.2:compile
   org.springframework.boot:spring-boot-starter-web:jar:2.2.1.RELEASE:compile
   org.springframework.boot:spring-boot-starter-logging:jar:2.2.1.RELEASE:compile
   org.apache.logging.log4j:log4j-to-slf4j:jar:2.12.1:compile
   org.apache.tomcat.embed:tomcat-embed-core:jar:9.0.27:compile
   org.projectlombok:lombok:jar:1.18.10:compile
   org.modelmapper:modelmapper:jar:2.3.5:compile
   org.springframework.plugin:spring-plugin-core:jar:1.2.0.RELEASE:compile
   org.springframework.boot:spring-boot-starter-data-mongodb:jar:2.2.1.RELEASE:compile
   io.springfox:springfox-spi:jar:2.9.2:compile
   org.springframework.data:spring-data-commons:jar:2.2.1.RELEASE:compile
   com.fasterxml:classmate:jar:1.5.1:compile
   org.springframework:spring-jcl:jar:5.2.1.RELEASE:compile
   com.fasterxml.jackson.datatype:jackson-datatype-jdk8:jar:2.10.0:compile
   org.apache.tomcat.embed:tomcat-embed-el:jar:9.0.27:compile

